Arguments: 
  /usr/bin/node /usr/share/yarn/bin/yarn.js docs:dev

PATH: 
  /usr/local/sbin:/usr/local/bin:/usr/sbin:/usr/bin:/sbin:/bin:/usr/games:/usr/local/games:/snap/bin

Yarn version: 
  1.22.4

Node version: 
  10.20.1

Platform: 
  linux x64

Trace: 
  SyntaxError: /home/vivi/Dev/myBrain/package.json: Unexpected token ' in JSON at position 83
      at JSON.parse (<anonymous>)
      at /usr/share/yarn/lib/cli.js:1625:59
      at Generator.next (<anonymous>)
      at step (/usr/share/yarn/lib/cli.js:310:30)
      at /usr/share/yarn/lib/cli.js:321:13

npm manifest: 
  {
      "name": "tuto-vue-press",
      "version": "1.0.0",
      "description": "Waspy \'s brain ",
      "author": "Assitan Koné <assitan.kone@gmail.com>",
      "scripts": {
          "docs:dev": "vuepress dev docs",
          "docs:build": "vuepress build docs"
      },
      "devDependencies": {
          "vuepress": "^0.10.2"
      }
  }

yarn manifest: 
  No manifest

Lockfile: 
  No lockfile
